<?xml version="1.0" encoding="UTF-8"?>
<!-- Generated by org.testng.reporters.JUnitReportReporter -->
<testsuite hostname="ip-172-31-37-171" failures="0" tests="1" name="Test.productTest" time="5.102" errors="0" timestamp="2022-01-26T16:33:02 IST" skipped="0">
  <testcase classname="Test.productTest" name="verifyPurchaseAndOrderID" time="5.102"/>
  <system-out/>
</testsuite> <!-- Test.productTest -->
