<?xml version="1.0" encoding="UTF-8"?>
<!-- Generated by org.testng.reporters.JUnitReportReporter -->
<testsuite hostname="ip-172-31-37-171" failures="0" tests="1" name="Test.signInTest" time="4.603" errors="0" timestamp="2022-01-26T22:52:37 IST" skipped="0">
  <testcase classname="Test.signInTest" name="verifyLogin" time="4.603"/>
  <system-out/>
</testsuite> <!-- Test.signInTest -->
