<?xml version="1.0" encoding="UTF-8"?>
<!-- Generated by org.testng.reporters.JUnitReportReporter -->
<testsuite hostname="ip-172-31-37-171" failures="0" tests="1" name="Test.landingPageTest" time="0.246" errors="0" timestamp="2022-01-26T22:52:37 IST" skipped="0">
  <testcase classname="Test.landingPageTest" name="verifyLandingPage" time="0.246"/>
  <system-out/>
</testsuite> <!-- Test.landingPageTest -->
